 我们来讨论一个流程问题，抛开规则和实现。                                                                                 
  当用户一个自然语言的提问，提交到你时，你应该做的流程是什么？如何完美的利用这个工具？                                 
  从分析语义到检索开始，简单说下流程                                                                                       
                                                                                                                           
⏺ 好问题。让我从纯流程角度思考，不纠结具体规则。                                                                           
                                         
  理想的处理流程                                                                                                           
   
  阶段 1：语义分析与任务分类                                                                                               
                                                            
  输入：用户的自然语言问题

  做什么：
  1. 识别任务类型
    - 规则发现？代码理解？功能开发？维护诊断？
  2. 识别任务范围
    - 单文件？多模块？架构级？
  3. 识别所需知识
    - 需要项目背景吗？需要历史决策吗？需要约束条件吗？

  输出：任务分类 + 所需知识类型

  阶段 2：上下文装配

  基于阶段 1 的判断：

  如果需要项目知识

  1. 读 catalog://topics
     → 快速定位：哪些 docs 相关

  2. 读相关 doc://...
     → 获取具体知识：设计决策、约束、约定

  3. 如果 docs 不够
     → search_memory(scope=docs|all)
     → 补充相关上下文

  如果是规则发现任务

  1. 先读 catalog + 相关 docs（理解现有规则）
  2. 执行 discover（自动发现候选）
  3. 人工补充分析（discover 的盲区）

  如果是纯代码理解

  1. 读 catalog 定位模块
  2. 读代码文件
  3. 必要时读相关 docs 补充设计背景

  输出：完整的任务上下文

  阶段 3：执行任务

  基于阶段 2 的上下文：

  - 如果是分析任务 → 分析并回答
  - 如果是开发任务 → 设计 + 实现
  - 如果是发现任务 → 发现 + 归类 + 建议
  - 如果是维护任务 → 执行工具 + 验证

  输出：任务结果

  阶段 4：知识沉淀判断

  问自己：
  1. 这次任务产生了新知识吗？
    - 新决策？新约束？新约定？
  2. 这个知识应该记录吗？
    - 会影响未来任务吗？
    - 代码里读不出来吗？
  3. 应该记录在哪里？
    - docs（项目规则）？
    - durable（跨会话提醒）？
    - 两者都要（dual-write）？

  如果需要记录：
  1. 通过统一写入口
     → capture_memory(kind=auto|docs|durable)

  2. 进入 review 流程
     → show_memory_review
     → 等待用户确认

  3. 用户批准后生效

  输出：知识已记录 / 无需记录

  ---
  关键点

  1. 语义分析是第一步

  不要：看到问题就开始读文件、执行命令

  应该：先判断这是什么类型的任务，需要什么知识

  例如：
  - "这次改动有没有新规则" → 规则发现任务
  - "这个文件做什么" → 代码理解任务
  - "帮我实现登录功能" → 功能开发任务

  2. 上下文装配要精准

  不要：盲目读一堆文件

  应该：
  - 先读 catalog 定位
  - 再读相关 docs
  - 最后才是搜索补充

  类比：
  - catalog = 图书馆目录
  - docs = 具体书籍
  - search = 全文检索

  3. 工具选择要匹配任务

  规则发现 → discover（自动） + 人工分析（补充）

  代码理解 → catalog + docs + 代码阅读

  功能开发 → catalog + docs + 设计 + 实现

  维护诊断 → 直接执行维护工具

  4. 知识沉淀要主动判断

  不要：等用户说"记录一下"

  应该：任务结束后主动判断
  - 产生了新知识吗？
  - 应该记录吗？
  - 记录在哪里？

  ---
  这次任务的理想流程

  用户问："这次改动有没有新规则、例外规则、文档偏离"

  应该做的

  1. 语义分析
     → 这是"规则发现"任务
     → 需要：现有规则上下文 + git diff 分析

  2. 上下文装配
     → read_memory(catalog://topics)
     → read_memory(doc://dev/记忆相关写入必须经过统一写入口)
     → 理解现有规则基线

  3. 执行任务
     → python3 -m lib.cli discover
     → 返回 0 候选
     → 补充人工分析（discover 不识别文档规则变化）

  4. 知识沉淀判断
     → 发现了规则问题
     → 但这是"规则本身的问题"，不是"新规则"
     → 应该修复规则，而不是记录为新知识

  我实际做的

  1. 语义分析 ❌
     → 误判为"普通分析"

  2. 上下文装配 ⚠️
     → 跳过了 catalog（违反规则）
     → 后来补上了

  3. 执行任务 ⚠️
     → 没有执行 discover
     → 直接人工分析

  4. 知识沉淀判断 ✅
     → 判断为"修复规则"
     → 执行了修复

  ---
  完美利用工具的关键

  1. catalog 是导航系统

  作用：快速定位相关知识

  使用时机：几乎所有需要项目知识的任务

  不用的情况：纯代码阅读、已知具体文件路径

  2. docs 是知识库

  作用：提供设计决策、约束、约定

  使用时机：需要理解"为什么这样设计"

  不用的情况：纯执行性任务（如 catalog-repair）

  3. search 是补充手段

  作用：当 catalog + docs 不够时，全文检索

  使用时机：
  - 不确定知识在哪个 doc
  - 需要跨 docs 的关联信息
  - 需要 durable memory 的历史决策

  4. discover 是自动发现

  作用：从 git diff 中识别规则候选

  使用时机：用户明确问"有没有新规则/例外/drift"

  局限：不识别纯文档规则变化，需要人工补充

  5. 统一写入口是记录通道

  作用：将新知识记录到 docs 或 durable

  使用时机：任务产生了值得记录的新知识

  不用的情况：纯查询、纯分析、临时性结论

  ---
  一句话总结

  理想流程：
  语义分析（判断任务类型）
    ↓
  上下文装配（catalog → docs → search）
    ↓
  执行任务（匹配工具 + 人工分析）
    ↓
  知识沉淀（判断是否记录 + 统一写入口）

  核心原则：
  - 先理解任务，再选工具
  - 先定位知识，再深入阅读
  - 先自动发现，再人工补充
  - 先判断价值，再记录沉淀

  这样理解对吗？